Command line:
   Procesamiento_isim_beh.exe
     -simmode  gui
     -simrunnum  0
     -socket  49606

Mon Nov 25 16:30:47 2019


 Elaboration Time: 0.0468 sec

 Current Memory Usage: 670.306 Meg

 Total Signals          : 36
 Total Nets             : 38
 Total Signal Drivers   : 13
 Total Blocks           : 6
 Total Primitive Blocks : 5
 Total Processes        : 18
 Total Traceable Variables  : 49
 Total Scalar Nets and Variables : 283
Total Line Count : 139

 Total Simulation Time: 0.0624 sec

 Current Memory Usage: 670.306 Meg

Mon Nov 25 16:31:05 2019

