Command line:
   Pulse_isim_beh.exe
     -simmode  gui
     -simrunnum  0
     -socket  51798

Sun Nov 24 22:57:32 2019


 Elaboration Time: 0.0468 sec

 Current Memory Usage: 670.298 Meg

 Total Signals          : 16
 Total Nets             : 16
 Total Signal Drivers   : 6
 Total Blocks           : 2
 Total Primitive Blocks : 2
 Total Processes        : 8
 Total Traceable Variables  : 23
 Total Scalar Nets and Variables : 105
Total Line Count : 28

 Total Simulation Time: 0.218401 sec

 Current Memory Usage: 670.298 Meg

Sun Nov 24 23:52:58 2019

