Release 14.7 - xst P.20131013 (nt64)
Copyright (c) 1995-2013 Xilinx, Inc.  All rights reserved.
--> Parameter TMPDIR set to xst/projnav.tmp


Total REAL time to Xst completion: 0.00 secs
Total CPU time to Xst completion: 0.15 secs
 
--> Parameter xsthdpdir set to xst


Total REAL time to Xst completion: 0.00 secs
Total CPU time to Xst completion: 0.16 secs
 
--> Reading design: Convolution.prj

TABLE OF CONTENTS
  1) Synthesis Options Summary
  2) HDL Parsing
  3) HDL Elaboration
  4) HDL Synthesis
       4.1) HDL Synthesis Report
  5) Advanced HDL Synthesis
       5.1) Advanced HDL Synthesis Report
  6) Low Level Synthesis
  7) Partition Report
  8) Design Summary
       8.1) Primitive and Black Box Usage
       8.2) Device utilization summary
       8.3) Partition Resource Summary
       8.4) Timing Report
            8.4.1) Clock Information
            8.4.2) Asynchronous Control Signals Information
            8.4.3) Timing Summary
            8.4.4) Timing Details
            8.4.5) Cross Clock Domains Report


=========================================================================
*                      Synthesis Options Summary                        *
=========================================================================
---- Source Parameters
Input File Name                    : "Convolution.prj"
Ignore Synthesis Constraint File   : NO

---- Target Parameters
Output File Name                   : "Convolution"
Output Format                      : NGC
Target Device                      : xc6slx16-3-csg324

---- Source Options
Top Module Name                    : Convolution
Automatic FSM Extraction           : YES
FSM Encoding Algorithm             : Auto
Safe Implementation                : No
FSM Style                          : LUT
RAM Extraction                     : Yes
RAM Style                          : Auto
ROM Extraction                     : Yes
Shift Register Extraction          : YES
ROM Style                          : Auto
Resource Sharing                   : YES
Asynchronous To Synchronous        : NO
Shift Register Minimum Size        : 2
Use DSP Block                      : Auto
Automatic Register Balancing       : No

---- Target Options
LUT Combining                      : Auto
Reduce Control Sets                : Auto
Add IO Buffers                     : YES
Global Maximum Fanout              : 100000
Add Generic Clock Buffer(BUFG)     : 16
Register Duplication               : YES
Optimize Instantiated Primitives   : NO
Use Clock Enable                   : Auto
Use Synchronous Set                : Auto
Use Synchronous Reset              : Auto
Pack IO Registers into IOBs        : Auto
Equivalent register Removal        : YES

---- General Options
Optimization Goal                  : Speed
Optimization Effort                : 1
Power Reduction                    : NO
Keep Hierarchy                     : No
Netlist Hierarchy                  : As_Optimized
RTL Output                         : Yes
Global Optimization                : AllClockNets
Read Cores                         : YES
Write Timing Constraints           : NO
Cross Clock Analysis               : NO
Hierarchy Separator                : /
Bus Delimiter                      : <>
Case Specifier                     : Maintain
Slice Utilization Ratio            : 100
BRAM Utilization Ratio             : 100
DSP48 Utilization Ratio            : 100
Auto BRAM Packing                  : NO
Slice Utilization Ratio Delta      : 5

=========================================================================


=========================================================================
*                          HDL Parsing                                  *
=========================================================================
Analyzing Verilog file "C:\Users\Fernando\Desktop\Nueva carpeta\Proyecto\Convolution.v" into library work
Parsing module <Convolution>.
WARNING:HDLCompiler:751 - "C:\Users\Fernando\Desktop\Nueva carpeta\Proyecto\Convolution.v" Line 8: Redeclaration of ansi port escalar is not allowed

=========================================================================
*                            HDL Elaboration                            *
=========================================================================

Elaborating module <Convolution>.

=========================================================================
*                           HDL Synthesis                               *
=========================================================================

Synthesizing Unit <Convolution>.
    Related source file is "C:\Users\Fernando\Desktop\Nueva carpeta\Proyecto\Convolution.v".
WARNING:Xst:647 - Input <pixeles<15:8>> is never used. This port will be preserved and left unconnected if it belongs to a top-level block or it belongs to a sub-block and the hierarchy of this sub-block is preserved.
WARNING:Xst:647 - Input <pixeles<39:32>> is never used. This port will be preserved and left unconnected if it belongs to a top-level block or it belongs to a sub-block and the hierarchy of this sub-block is preserved.
WARNING:Xst:647 - Input <pixeles<63:56>> is never used. This port will be preserved and left unconnected if it belongs to a top-level block or it belongs to a sub-block and the hierarchy of this sub-block is preserved.
    Found 22-bit adder for signal <_n0107> created at line 39.
    Found 22-bit adder for signal <_n0108> created at line 39.
    Found 22-bit subtractor for signal <_n0109> created at line 39.
    Found 22-bit subtractor for signal <_n0110> created at line 39.
    Found 22-bit adder for signal <escalar2> created at line 39.
    Summary:
	inferred   5 Adder/Subtractor(s).
Unit <Convolution> synthesized.

=========================================================================
HDL Synthesis Report

Macro Statistics
# Adders/Subtractors                                   : 5
 22-bit adder                                          : 3
 22-bit subtractor                                     : 2

=========================================================================

=========================================================================
*                       Advanced HDL Synthesis                          *
=========================================================================


Synthesizing (advanced) Unit <Convolution>.
	The following adders/subtractors are grouped into adder tree <Madd_escalar2_Madd1> :
 	<Madd__n0107_Madd> in block <Convolution>, 	<Msub__n0109_Madd> in block <Convolution>, 	<Madd__n0108_Madd> in block <Convolution>.
Unit <Convolution> synthesized (advanced).

=========================================================================
Advanced HDL Synthesis Report

Macro Statistics
# Adder Trees                                          : 1
 18-bit / 6-inputs adder tree                          : 1

=========================================================================

=========================================================================
*                         Low Level Synthesis                           *
=========================================================================

Optimizing unit <Convolution> ...

Mapping all equations...
Building and optimizing final netlist ...
Found area constraint ratio of 100 (+ 5) on block Convolution, actual ratio is 0.

Final Macro Processing ...

=========================================================================
Final Register Report

Found no macro
=========================================================================

=========================================================================
*                           Partition Report                            *
=========================================================================

Partition Implementation Status
-------------------------------

  No Partitions were found in this design.

-------------------------------

=========================================================================
*                            Design Summary                             *
=========================================================================

Top Level Output File Name         : Convolution.ngc

Primitive and Black Box Usage:
------------------------------
# BELS                             : 111
#      GND                         : 1
#      LUT2                        : 15
#      LUT3                        : 16
#      LUT4                        : 14
#      MUXCY                       : 31
#      VCC                         : 1
#      XORCY                       : 33
# IO Buffers                       : 59
#      IBUF                        : 48
#      OBUF                        : 11

Device utilization summary:
---------------------------

Selected Device : 6slx16csg324-3 


Slice Logic Utilization: 
 Number of Slice LUTs:                   45  out of   9112     0%  
    Number used as Logic:                45  out of   9112     0%  

Slice Logic Distribution: 
 Number of LUT Flip Flop pairs used:     45
   Number with an unused Flip Flop:      45  out of     45   100%  
   Number with an unused LUT:             0  out of     45     0%  
   Number of fully used LUT-FF pairs:     0  out of     45     0%  
   Number of unique control sets:         0

IO Utilization: 
 Number of IOs:                          83
 Number of bonded IOBs:                  59  out of    232    25%  

Specific Feature Utilization:

---------------------------
Partition Resource Summary:
---------------------------

  No Partitions were found in this design.

---------------------------


=========================================================================
Timing Report

NOTE: THESE TIMING NUMBERS ARE ONLY A SYNTHESIS ESTIMATE.
      FOR ACCURATE TIMING INFORMATION PLEASE REFER TO THE TRACE REPORT
      GENERATED AFTER PLACE-and-ROUTE.

Clock Information:
------------------
No clock signals found in this design

Asynchronous Control Signals Information:
----------------------------------------
No asynchronous control signals found in this design

Timing Summary:
---------------
Speed Grade: -3

   Minimum period: No path found
   Minimum input arrival time before clock: No path found
   Maximum output required time after clock: No path found
   Maximum combinational path delay: 7.912ns

Timing Details:
---------------
All values displayed in nanoseconds (ns)

=========================================================================
Timing constraint: Default path analysis
  Total number of paths / destination ports: 4527 / 11
-------------------------------------------------------------------------
Delay:               7.912ns (Levels of Logic = 15)
  Source:            pixeles<40> (PAD)
  Destination:       escalar<10> (PAD)

  Data Path: pixeles<40> to escalar<10>
                                Gate     Net
    Cell:in->out      fanout   Delay   Delay  Logical Name (Net Name)
    ----------------------------------------  ------------
     IBUF:I->O             2   1.222   0.845  pixeles_40_IBUF (pixeles_40_IBUF)
     LUT3:I0->O            1   0.205   0.580  ADDERTREE_INTERNAL_Madd11 (ADDERTREE_INTERNAL_Madd11)
     LUT4:I3->O            1   0.205   0.000  ADDERTREE_INTERNAL_Madd1_lut<0>2 (ADDERTREE_INTERNAL_Madd1_lut<0>2)
     MUXCY:S->O            1   0.172   0.000  ADDERTREE_INTERNAL_Madd1_cy<0>_8 (ADDERTREE_INTERNAL_Madd1_cy<0>9)
     MUXCY:CI->O           1   0.019   0.000  ADDERTREE_INTERNAL_Madd1_cy<0>_9 (ADDERTREE_INTERNAL_Madd1_cy<0>10)
     MUXCY:CI->O           1   0.019   0.000  ADDERTREE_INTERNAL_Madd1_cy<0>_10 (ADDERTREE_INTERNAL_Madd1_cy<0>11)
     MUXCY:CI->O           1   0.019   0.000  ADDERTREE_INTERNAL_Madd1_cy<0>_11 (ADDERTREE_INTERNAL_Madd1_cy<0>12)
     MUXCY:CI->O           1   0.019   0.000  ADDERTREE_INTERNAL_Madd1_cy<0>_12 (ADDERTREE_INTERNAL_Madd1_cy<0>13)
     MUXCY:CI->O           1   0.019   0.000  ADDERTREE_INTERNAL_Madd1_cy<0>_13 (ADDERTREE_INTERNAL_Madd1_cy<0>14)
     MUXCY:CI->O           0   0.019   0.000  ADDERTREE_INTERNAL_Madd1_cy<0>_14 (ADDERTREE_INTERNAL_Madd1_cy<0>15)
     XORCY:CI->O           1   0.180   0.684  ADDERTREE_INTERNAL_Madd1_xor<0>_15 (ADDERTREE_INTERNAL_Madd_161)
     LUT2:I0->O            1   0.203   0.000  ADDERTREE_INTERNAL_Madd4_lut<13> (ADDERTREE_INTERNAL_Madd4_lut<13>)
     MUXCY:S->O            0   0.172   0.000  ADDERTREE_INTERNAL_Madd4_cy<13> (ADDERTREE_INTERNAL_Madd4_cy<13>)
     XORCY:CI->O           1   0.180   0.579  ADDERTREE_INTERNAL_Madd4_xor<14> (escalar_10_OBUF)
     OBUF:I->O                 2.571          escalar_10_OBUF (escalar<10>)
    ----------------------------------------
    Total                      7.912ns (5.224ns logic, 2.688ns route)
                                       (66.0% logic, 34.0% route)

=========================================================================

Cross Clock Domains Report:
--------------------------

=========================================================================


Total REAL time to Xst completion: 7.00 secs
Total CPU time to Xst completion: 7.12 secs
 
--> 

Total memory usage is 262684 kilobytes

Number of errors   :    0 (   0 filtered)
Number of warnings :    4 (   0 filtered)
Number of infos    :    0 (   0 filtered)

