--------------------------------------------------------------------------------
Release 14.7 Trace  (nt64)
Copyright (c) 1995-2013 Xilinx, Inc.  All rights reserved.

C:\Xilinx\14.7\ISE_DS\ISE\bin\nt64\unwrapped\trce.exe -intstyle ise -v 3 -s 3
-n 3 -fastpaths -xml Procesamiento.twx Procesamiento.ncd -o Procesamiento.twr
Procesamiento.pcf -ucf ProcesamientoProg.ucf

Design file:              Procesamiento.ncd
Physical constraint file: Procesamiento.pcf
Device,package,speed:     xc6slx16,csg324,C,-3 (PRODUCTION 1.23 2013-10-13)
Report level:             verbose report

Environment Variable      Effect 
--------------------      ------ 
NONE                      No environment variables were set
--------------------------------------------------------------------------------

INFO:Timing:2698 - No timing constraints found, doing default enumeration.
INFO:Timing:3412 - To improve timing, see the Timing Closure User Guide (UG612).
INFO:Timing:2752 - To get complete path coverage, use the unconstrained paths 
   option. All paths that are not constrained will be reported in the 
   unconstrained paths section(s) of the report.
INFO:Timing:3339 - The clock-to-out numbers in this timing report are based on 
   a 50 Ohm transmission line loading model.  For the details of this model, 
   and for more information on accounting for different loading conditions, 
   please see the device datasheet.



Data Sheet report:
-----------------
All values displayed in nanoseconds (ns)

Setup/Hold to clock clk
------------+------------+------------+------------+------------+------------------+--------+
            |Max Setup to|  Process   |Max Hold to |  Process   |                  | Clock  |
Source      | clk (edge) |   Corner   | clk (edge) |   Corner   |Internal Clock(s) | Phase  |
------------+------------+------------+------------+------------+------------------+--------+
rx          |    0.681(R)|      SLOW  |   -0.170(R)|      SLOW  |XLXN_9            |   0.000|
------------+------------+------------+------------+------------+------------------+--------+

Clock clk to Pad
------------+-----------------+------------+-----------------+------------+------------------+--------+
            |Max (slowest) clk|  Process   |Min (fastest) clk|  Process   |                  | Clock  |
Destination |  (edge) to PAD  |   Corner   |  (edge) to PAD  |   Corner   |Internal Clock(s) | Phase  |
------------+-----------------+------------+-----------------+------------+------------------+--------+
Byte<0>     |         9.604(R)|      SLOW  |         5.570(R)|      FAST  |XLXN_9            |   0.000|
Byte<1>     |         9.756(R)|      SLOW  |         5.658(R)|      FAST  |XLXN_9            |   0.000|
Byte<2>     |         9.423(R)|      SLOW  |         5.489(R)|      FAST  |XLXN_9            |   0.000|
Byte<3>     |         9.682(R)|      SLOW  |         5.662(R)|      FAST  |XLXN_9            |   0.000|
Byte<4>     |         9.044(R)|      SLOW  |         5.241(R)|      FAST  |XLXN_9            |   0.000|
Byte<5>     |         9.395(R)|      SLOW  |         5.471(R)|      FAST  |XLXN_9            |   0.000|
Byte<6>     |         8.905(R)|      SLOW  |         5.158(R)|      FAST  |XLXN_9            |   0.000|
Byte<7>     |         9.077(R)|      SLOW  |         5.233(R)|      FAST  |XLXN_9            |   0.000|
tx          |         9.201(R)|      SLOW  |         5.383(R)|      FAST  |XLXN_9            |   0.000|
------------+-----------------+------------+-----------------+------------+------------------+--------+

Clock to Setup on destination clock clk
---------------+---------+---------+---------+---------+
               | Src:Rise| Src:Fall| Src:Rise| Src:Fall|
Source Clock   |Dest:Rise|Dest:Rise|Dest:Fall|Dest:Fall|
---------------+---------+---------+---------+---------+
clk            |    4.064|         |         |         |
---------------+---------+---------+---------+---------+


Analysis completed Wed Dec 04 01:54:19 2019 
--------------------------------------------------------------------------------

Trace Settings:
-------------------------
Trace Settings 

Peak Memory Usage: 4575 MB



