Release 14.7 - xst P.20131013 (nt64)
Copyright (c) 1995-2013 Xilinx, Inc.  All rights reserved.
--> Parameter TMPDIR set to xst/projnav.tmp


Total REAL time to Xst completion: 0.00 secs
Total CPU time to Xst completion: 0.10 secs
 
--> Parameter xsthdpdir set to xst


Total REAL time to Xst completion: 0.00 secs
Total CPU time to Xst completion: 0.11 secs
 
--> Reading design: Uart_tx.prj

TABLE OF CONTENTS
  1) Synthesis Options Summary
  2) HDL Parsing
  3) HDL Elaboration
  4) HDL Synthesis
       4.1) HDL Synthesis Report
  5) Advanced HDL Synthesis
       5.1) Advanced HDL Synthesis Report
  6) Low Level Synthesis
  7) Partition Report
  8) Design Summary
       8.1) Primitive and Black Box Usage
       8.2) Device utilization summary
       8.3) Partition Resource Summary
       8.4) Timing Report
            8.4.1) Clock Information
            8.4.2) Asynchronous Control Signals Information
            8.4.3) Timing Summary
            8.4.4) Timing Details
            8.4.5) Cross Clock Domains Report


=========================================================================
*                      Synthesis Options Summary                        *
=========================================================================
---- Source Parameters
Input File Name                    : "Uart_tx.prj"
Ignore Synthesis Constraint File   : NO

---- Target Parameters
Output File Name                   : "Uart_tx"
Output Format                      : NGC
Target Device                      : xc6slx16-3-csg324

---- Source Options
Top Module Name                    : Uart_tx
Automatic FSM Extraction           : YES
FSM Encoding Algorithm             : Auto
Safe Implementation                : No
FSM Style                          : LUT
RAM Extraction                     : Yes
RAM Style                          : Auto
ROM Extraction                     : Yes
Shift Register Extraction          : YES
ROM Style                          : Auto
Resource Sharing                   : YES
Asynchronous To Synchronous        : NO
Shift Register Minimum Size        : 2
Use DSP Block                      : Auto
Automatic Register Balancing       : No

---- Target Options
LUT Combining                      : Auto
Reduce Control Sets                : Auto
Add IO Buffers                     : YES
Global Maximum Fanout              : 100000
Add Generic Clock Buffer(BUFG)     : 16
Register Duplication               : YES
Optimize Instantiated Primitives   : NO
Use Clock Enable                   : Auto
Use Synchronous Set                : Auto
Use Synchronous Reset              : Auto
Pack IO Registers into IOBs        : Auto
Equivalent register Removal        : YES

---- General Options
Optimization Goal                  : Speed
Optimization Effort                : 1
Power Reduction                    : NO
Keep Hierarchy                     : No
Netlist Hierarchy                  : As_Optimized
RTL Output                         : Yes
Global Optimization                : AllClockNets
Read Cores                         : YES
Write Timing Constraints           : NO
Cross Clock Analysis               : NO
Hierarchy Separator                : /
Bus Delimiter                      : <>
Case Specifier                     : Maintain
Slice Utilization Ratio            : 100
BRAM Utilization Ratio             : 100
DSP48 Utilization Ratio            : 100
Auto BRAM Packing                  : NO
Slice Utilization Ratio Delta      : 5

=========================================================================


=========================================================================
*                          HDL Parsing                                  *
=========================================================================
Analyzing Verilog file "C:\Users\Fernando\Desktop\Nueva carpeta\Proyecto\Uart_tx.v" into library work
Parsing module <Uart_tx>.
INFO:HDLCompiler:693 - "C:\Users\Fernando\Desktop\Nueva carpeta\Proyecto\Uart_tx.v" Line 12. parameter declaration becomes local in Uart_tx with formal parameter declaration list
INFO:HDLCompiler:693 - "C:\Users\Fernando\Desktop\Nueva carpeta\Proyecto\Uart_tx.v" Line 13. parameter declaration becomes local in Uart_tx with formal parameter declaration list
INFO:HDLCompiler:693 - "C:\Users\Fernando\Desktop\Nueva carpeta\Proyecto\Uart_tx.v" Line 14. parameter declaration becomes local in Uart_tx with formal parameter declaration list
INFO:HDLCompiler:693 - "C:\Users\Fernando\Desktop\Nueva carpeta\Proyecto\Uart_tx.v" Line 15. parameter declaration becomes local in Uart_tx with formal parameter declaration list
INFO:HDLCompiler:693 - "C:\Users\Fernando\Desktop\Nueva carpeta\Proyecto\Uart_tx.v" Line 16. parameter declaration becomes local in Uart_tx with formal parameter declaration list

=========================================================================
*                            HDL Elaboration                            *
=========================================================================

Elaborating module <Uart_tx>.
WARNING:HDLCompiler:413 - "C:\Users\Fernando\Desktop\Nueva carpeta\Proyecto\Uart_tx.v" Line 55: Result of 15-bit expression is truncated to fit in 14-bit target.
WARNING:HDLCompiler:413 - "C:\Users\Fernando\Desktop\Nueva carpeta\Proyecto\Uart_tx.v" Line 73: Result of 15-bit expression is truncated to fit in 14-bit target.
WARNING:HDLCompiler:413 - "C:\Users\Fernando\Desktop\Nueva carpeta\Proyecto\Uart_tx.v" Line 83: Result of 4-bit expression is truncated to fit in 3-bit target.
WARNING:HDLCompiler:413 - "C:\Users\Fernando\Desktop\Nueva carpeta\Proyecto\Uart_tx.v" Line 103: Result of 15-bit expression is truncated to fit in 14-bit target.

=========================================================================
*                           HDL Synthesis                               *
=========================================================================

Synthesizing Unit <Uart_tx>.
    Related source file is "C:\Users\Fernando\Desktop\Nueva carpeta\Proyecto\Uart_tx.v".
        CLKS_PER_BIT = 868
    Found 1-bit register for signal <o_Tx_Done>.
    Found 1-bit register for signal <o_Tx_Serial>.
    Found 14-bit register for signal <r_Clock_Count>.
    Found 1-bit register for signal <o_Tx_Active>.
    Found 3-bit register for signal <r_Bit_Index>.
    Found 8-bit register for signal <r_Tx_Data>.
    Found 3-bit register for signal <r_SM_Main>.
    Found finite state machine <FSM_0> for signal <r_SM_Main>.
    -----------------------------------------------------------------------
    | States             | 5                                              |
    | Transitions        | 10                                             |
    | Inputs             | 3                                              |
    | Outputs            | 6                                              |
    | Clock              | i_Clock (rising_edge)                          |
    | Power Up State     | 000                                            |
    | Encoding           | auto                                           |
    | Implementation     | LUT                                            |
    -----------------------------------------------------------------------
    Found 3-bit adder for signal <r_Bit_Index[2]_GND_1_o_add_12_OUT> created at line 83.
    Found 14-bit adder for signal <r_Clock_Count[13]_GND_1_o_add_19_OUT> created at line 103.
    Found 1-bit 8-to-1 multiplexer for signal <r_Bit_Index[2]_r_Tx_Data[7]_Mux_8_o> created at line 69.
    Found 3-bit comparator greater for signal <r_Bit_Index[2]_PWR_1_o_LessThan_12_o> created at line 81
    Found 14-bit comparator greater for signal <r_Clock_Count[13]_GND_1_o_LessThan_19_o> created at line 101
    Summary:
	inferred   2 Adder/Subtractor(s).
	inferred  28 D-type flip-flop(s).
	inferred   2 Comparator(s).
	inferred   8 Multiplexer(s).
	inferred   1 Finite State Machine(s).
Unit <Uart_tx> synthesized.

=========================================================================
HDL Synthesis Report

Macro Statistics
# Adders/Subtractors                                   : 2
 14-bit adder                                          : 1
 3-bit adder                                           : 1
# Registers                                            : 6
 1-bit register                                        : 3
 14-bit register                                       : 1
 3-bit register                                        : 1
 8-bit register                                        : 1
# Comparators                                          : 2
 14-bit comparator greater                             : 1
 3-bit comparator greater                              : 1
# Multiplexers                                         : 8
 1-bit 2-to-1 multiplexer                              : 2
 1-bit 8-to-1 multiplexer                              : 1
 14-bit 2-to-1 multiplexer                             : 3
 3-bit 2-to-1 multiplexer                              : 2
# FSMs                                                 : 1

=========================================================================

=========================================================================
*                       Advanced HDL Synthesis                          *
=========================================================================


=========================================================================
Advanced HDL Synthesis Report

Macro Statistics
# Adders/Subtractors                                   : 2
 14-bit adder                                          : 1
 3-bit adder                                           : 1
# Registers                                            : 28
 Flip-Flops                                            : 28
# Comparators                                          : 2
 14-bit comparator greater                             : 1
 3-bit comparator greater                              : 1
# Multiplexers                                         : 8
 1-bit 2-to-1 multiplexer                              : 2
 1-bit 8-to-1 multiplexer                              : 1
 14-bit 2-to-1 multiplexer                             : 3
 3-bit 2-to-1 multiplexer                              : 2
# FSMs                                                 : 1

=========================================================================

=========================================================================
*                         Low Level Synthesis                           *
=========================================================================
Analyzing FSM <MFsm> for best encoding.
Optimizing FSM <FSM_0> on signal <r_SM_Main[1:3]> with user encoding.
-------------------
 State | Encoding
-------------------
 000   | 000
 001   | 001
 010   | 010
 011   | 011
 100   | 100
-------------------

Optimizing unit <Uart_tx> ...
WARNING:Xst:1293 - FF/Latch <r_Clock_Count_10> has a constant value of 0 in block <Uart_tx>. This FF/Latch will be trimmed during the optimization process.
WARNING:Xst:1896 - Due to other FF/Latch trimming, FF/Latch <r_Clock_Count_11> has a constant value of 0 in block <Uart_tx>. This FF/Latch will be trimmed during the optimization process.
WARNING:Xst:1896 - Due to other FF/Latch trimming, FF/Latch <r_Clock_Count_12> has a constant value of 0 in block <Uart_tx>. This FF/Latch will be trimmed during the optimization process.
WARNING:Xst:1896 - Due to other FF/Latch trimming, FF/Latch <r_Clock_Count_13> has a constant value of 0 in block <Uart_tx>. This FF/Latch will be trimmed during the optimization process.

Mapping all equations...
Building and optimizing final netlist ...
Found area constraint ratio of 100 (+ 5) on block Uart_tx, actual ratio is 0.

Final Macro Processing ...

=========================================================================
Final Register Report

Macro Statistics
# Registers                                            : 27
 Flip-Flops                                            : 27

=========================================================================

=========================================================================
*                           Partition Report                            *
=========================================================================

Partition Implementation Status
-------------------------------

  No Partitions were found in this design.

-------------------------------

=========================================================================
*                            Design Summary                             *
=========================================================================

Top Level Output File Name         : Uart_tx.ngc

Primitive and Black Box Usage:
------------------------------
# BELS                             : 73
#      GND                         : 1
#      INV                         : 3
#      LUT1                        : 9
#      LUT2                        : 5
#      LUT3                        : 3
#      LUT4                        : 4
#      LUT5                        : 5
#      LUT6                        : 22
#      MUXCY                       : 9
#      MUXF7                       : 1
#      VCC                         : 1
#      XORCY                       : 10
# FlipFlops/Latches                : 27
#      FD                          : 5
#      FDE                         : 22
# Clock Buffers                    : 1
#      BUFGP                       : 1
# IO Buffers                       : 12
#      IBUF                        : 9
#      OBUF                        : 3

Device utilization summary:
---------------------------

Selected Device : 6slx16csg324-3 


Slice Logic Utilization: 
 Number of Slice Registers:              27  out of  18224     0%  
 Number of Slice LUTs:                   51  out of   9112     0%  
    Number used as Logic:                51  out of   9112     0%  

Slice Logic Distribution: 
 Number of LUT Flip Flop pairs used:     58
   Number with an unused Flip Flop:      31  out of     58    53%  
   Number with an unused LUT:             7  out of     58    12%  
   Number of fully used LUT-FF pairs:    20  out of     58    34%  
   Number of unique control sets:         4

IO Utilization: 
 Number of IOs:                          13
 Number of bonded IOBs:                  13  out of    232     5%  

Specific Feature Utilization:
 Number of BUFG/BUFGCTRLs:                1  out of     16     6%  

---------------------------
Partition Resource Summary:
---------------------------

  No Partitions were found in this design.

---------------------------


=========================================================================
Timing Report

NOTE: THESE TIMING NUMBERS ARE ONLY A SYNTHESIS ESTIMATE.
      FOR ACCURATE TIMING INFORMATION PLEASE REFER TO THE TRACE REPORT
      GENERATED AFTER PLACE-and-ROUTE.

Clock Information:
------------------
-----------------------------------+------------------------+-------+
Clock Signal                       | Clock buffer(FF name)  | Load  |
-----------------------------------+------------------------+-------+
i_Clock                            | BUFGP                  | 27    |
-----------------------------------+------------------------+-------+

Asynchronous Control Signals Information:
----------------------------------------
No asynchronous control signals found in this design

Timing Summary:
---------------
Speed Grade: -3

   Minimum period: 3.773ns (Maximum Frequency: 265.041MHz)
   Minimum input arrival time before clock: 3.562ns
   Maximum output required time after clock: 3.668ns
   Maximum combinational path delay: No path found

Timing Details:
---------------
All values displayed in nanoseconds (ns)

=========================================================================
Timing constraint: Default period analysis for Clock 'i_Clock'
  Clock period: 3.773ns (frequency: 265.041MHz)
  Total number of paths / destination ports: 377 / 41
-------------------------------------------------------------------------
Delay:               3.773ns (Levels of Logic = 3)
  Source:            r_Clock_Count_4 (FF)
  Destination:       r_SM_Main_FSM_FFd3 (FF)
  Source Clock:      i_Clock rising
  Destination Clock: i_Clock rising

  Data Path: r_Clock_Count_4 to r_SM_Main_FSM_FFd3
                                Gate     Net
    Cell:in->out      fanout   Delay   Delay  Logical Name (Net Name)
    ----------------------------------------  ------------
     FDE:C->Q              2   0.447   0.981  r_Clock_Count_4 (r_Clock_Count_4)
     LUT6:I0->O           18   0.203   1.050  r_Clock_Count[13]_GND_1_o_LessThan_19_o21 (r_Clock_Count[13]_GND_1_o_LessThan_19_o2)
     LUT5:I4->O            1   0.205   0.580  r_Clock_Count[13]_GND_1_o_LessThan_19_o22 (r_Clock_Count[13]_GND_1_o_LessThan_19_o)
     LUT6:I5->O            1   0.205   0.000  r_SM_Main_FSM_FFd3-In (r_SM_Main_FSM_FFd3-In)
     FD:D                      0.102          r_SM_Main_FSM_FFd3
    ----------------------------------------
    Total                      3.773ns (1.162ns logic, 2.611ns route)
                                       (30.8% logic, 69.2% route)

=========================================================================
Timing constraint: Default OFFSET IN BEFORE for Clock 'i_Clock'
  Total number of paths / destination ports: 19 / 18
-------------------------------------------------------------------------
Offset:              3.562ns (Levels of Logic = 3)
  Source:            i_Tx_DV (PAD)
  Destination:       r_SM_Main_FSM_FFd3 (FF)
  Destination Clock: i_Clock rising

  Data Path: i_Tx_DV to r_SM_Main_FSM_FFd3
                                Gate     Net
    Cell:in->out      fanout   Delay   Delay  Logical Name (Net Name)
    ----------------------------------------  ------------
     IBUF:I->O             3   1.222   0.898  i_Tx_DV_IBUF (i_Tx_DV_IBUF)
     LUT4:I0->O            9   0.203   0.934  r_SM_Main_FSM_FFd3-In11 (r_SM_Main_FSM_FFd3-In1)
     LUT6:I4->O            1   0.203   0.000  r_SM_Main_FSM_FFd3-In (r_SM_Main_FSM_FFd3-In)
     FD:D                      0.102          r_SM_Main_FSM_FFd3
    ----------------------------------------
    Total                      3.562ns (1.730ns logic, 1.832ns route)
                                       (48.6% logic, 51.4% route)

=========================================================================
Timing constraint: Default OFFSET OUT AFTER for Clock 'i_Clock'
  Total number of paths / destination ports: 3 / 3
-------------------------------------------------------------------------
Offset:              3.668ns (Levels of Logic = 1)
  Source:            r_Tx_Active (FF)
  Destination:       o_Tx_Active (PAD)
  Source Clock:      i_Clock rising

  Data Path: r_Tx_Active to o_Tx_Active
                                Gate     Net
    Cell:in->out      fanout   Delay   Delay  Logical Name (Net Name)
    ----------------------------------------  ------------
     FD:C->Q               3   0.447   0.650  r_Tx_Active (r_Tx_Active)
     OBUF:I->O                 2.571          o_Tx_Active_OBUF (o_Tx_Active)
    ----------------------------------------
    Total                      3.668ns (3.018ns logic, 0.650ns route)
                                       (82.3% logic, 17.7% route)

=========================================================================

Cross Clock Domains Report:
--------------------------

Clock to Setup on destination clock i_Clock
---------------+---------+---------+---------+---------+
               | Src:Rise| Src:Fall| Src:Rise| Src:Fall|
Source Clock   |Dest:Rise|Dest:Rise|Dest:Fall|Dest:Fall|
---------------+---------+---------+---------+---------+
i_Clock        |    3.773|         |         |         |
---------------+---------+---------+---------+---------+

=========================================================================


Total REAL time to Xst completion: 6.00 secs
Total CPU time to Xst completion: 6.72 secs
 
--> 

Total memory usage is 263132 kilobytes

Number of errors   :    0 (   0 filtered)
Number of warnings :    8 (   0 filtered)
Number of infos    :    0 (   0 filtered)

