--------------------------------------------------------------------------------
Release 14.7 Trace  (nt64)
Copyright (c) 1995-2013 Xilinx, Inc.  All rights reserved.

C:\Xilinx\14.7\ISE_DS\ISE\bin\nt64\unwrapped\trce.exe -intstyle ise -v 3 -s 5
-n 3 -fastpaths -xml Uart_rx.twx Uart_rx.ncd -o Uart_rx.twr Uart_rx.pcf

Design file:              Uart_rx.ncd
Physical constraint file: Uart_rx.pcf
Device,package,speed:     xc3s100e,cp132,-5 (PRODUCTION 1.27 2013-10-13)
Report level:             verbose report

Environment Variable      Effect 
--------------------      ------ 
NONE                      No environment variables were set
--------------------------------------------------------------------------------

INFO:Timing:2698 - No timing constraints found, doing default enumeration.
INFO:Timing:3412 - To improve timing, see the Timing Closure User Guide (UG612).
INFO:Timing:2752 - To get complete path coverage, use the unconstrained paths 
   option. All paths that are not constrained will be reported in the 
   unconstrained paths section(s) of the report.
INFO:Timing:3339 - The clock-to-out numbers in this timing report are based on 
   a 50 Ohm transmission line loading model.  For the details of this model, 
   and for more information on accounting for different loading conditions, 
   please see the device datasheet.
INFO:Timing:3390 - This architecture does not support a default System Jitter 
   value, please add SYSTEM_JITTER constraint to the UCF to modify the Clock 
   Uncertainty calculation.
INFO:Timing:3389 - This architecture does not support 'Discrete Jitter' and 
   'Phase Error' calculations, these terms will be zero in the Clock 
   Uncertainty calculation.  Please make appropriate modification to 
   SYSTEM_JITTER to account for the unsupported Discrete Jitter and Phase 
   Error.



Data Sheet report:
-----------------
All values displayed in nanoseconds (ns)

Setup/Hold to clock i_Clock
------------+------------+------------+------------------+--------+
            |Max Setup to|Max Hold to |                  | Clock  |
Source      | clk (edge) | clk (edge) |Internal Clock(s) | Phase  |
------------+------------+------------+------------------+--------+
i_Rx_Serial |   -0.019(R)|    1.394(R)|i_Clock_BUFGP     |   0.000|
------------+------------+------------+------------------+--------+

Clock i_Clock to Pad
------------+------------+------------------+--------+
            | clk (edge) |                  | Clock  |
Destination |   to PAD   |Internal Clock(s) | Phase  |
------------+------------+------------------+--------+
o_Rx_Byte<0>|    6.613(R)|i_Clock_BUFGP     |   0.000|
o_Rx_Byte<1>|    6.613(R)|i_Clock_BUFGP     |   0.000|
o_Rx_Byte<2>|    7.147(R)|i_Clock_BUFGP     |   0.000|
o_Rx_Byte<3>|    7.069(R)|i_Clock_BUFGP     |   0.000|
o_Rx_Byte<4>|    7.146(R)|i_Clock_BUFGP     |   0.000|
o_Rx_Byte<5>|    6.911(R)|i_Clock_BUFGP     |   0.000|
o_Rx_Byte<6>|    6.610(R)|i_Clock_BUFGP     |   0.000|
o_Rx_Byte<7>|    7.445(R)|i_Clock_BUFGP     |   0.000|
o_Rx_DV     |    6.945(R)|i_Clock_BUFGP     |   0.000|
------------+------------+------------------+--------+

Clock to Setup on destination clock i_Clock
---------------+---------+---------+---------+---------+
               | Src:Rise| Src:Fall| Src:Rise| Src:Fall|
Source Clock   |Dest:Rise|Dest:Rise|Dest:Fall|Dest:Fall|
---------------+---------+---------+---------+---------+
i_Clock        |    5.549|         |         |         |
---------------+---------+---------+---------+---------+


Analysis completed Sun Nov 24 13:56:15 2019 
--------------------------------------------------------------------------------

Trace Settings:
-------------------------
Trace Settings 

Peak Memory Usage: 155 MB



